Build started 2015/1/12 15:29:25.
     1>Project "E:\loogrpg\frameworks\cocos2d-x\cocos\2d\libcocos2d.vcxproj" on node 2 (Build target(s)).
     1>PreLinkEvent:
         if not exist "E:\loogrpg\frameworks\runtime-src\proj.win32\Debug.win32\" mkdir "E:\loogrpg\frameworks\runtime-src\proj.win32\Debug.win32\"
         xcopy /Y /Q "E:\loogrpg\frameworks\cocos2d-x\cocos\2d\..\..\external\freetype2\prebuilt\win32\*.*" "E:\loogrpg\frameworks\runtime-src\proj.win32\Debug.win32\"
         xcopy /Y /Q "E:\loogrpg\frameworks\cocos2d-x\cocos\2d\..\..\external\glfw3\prebuilt\win32\*.*" "E:\loogrpg\frameworks\runtime-src\proj.win32\Debug.win32\"
         xcopy /Y /Q "E:\loogrpg\frameworks\cocos2d-x\cocos\2d\..\..\external\curl\prebuilt\win32\*.*" "E:\loogrpg\frameworks\runtime-src\proj.win32\Debug.win32\"
         xcopy /Y /Q "E:\loogrpg\frameworks\cocos2d-x\cocos\2d\..\..\external\jpeg\prebuilt\win32\*.*" "E:\loogrpg\frameworks\runtime-src\proj.win32\Debug.win32\"
         xcopy /Y /Q "E:\loogrpg\frameworks\cocos2d-x\cocos\2d\..\..\external\png\prebuilt\win32\*.*" "E:\loogrpg\frameworks\runtime-src\proj.win32\Debug.win32\"
         xcopy /Y /Q "E:\loogrpg\frameworks\cocos2d-x\cocos\2d\..\..\external\tiff\prebuilt\win32\*.*" "E:\loogrpg\frameworks\runtime-src\proj.win32\Debug.win32\"
         xcopy /Y /Q "E:\loogrpg\frameworks\cocos2d-x\cocos\2d\..\..\external\webp\prebuilt\win32\*.*" "E:\loogrpg\frameworks\runtime-src\proj.win32\Debug.win32\"
         xcopy /Y /Q "E:\loogrpg\frameworks\cocos2d-x\cocos\2d\..\..\external\websockets\prebuilt\win32\*.*" "E:\loogrpg\frameworks\runtime-src\proj.win32\Debug.win32\"
         xcopy /Y /Q "E:\loogrpg\frameworks\cocos2d-x\cocos\2d\..\..\external\win32-specific\zlib\prebuilt\*.*" "E:\loogrpg\frameworks\runtime-src\proj.win32\Debug.win32\"
         xcopy /Y /Q "E:\loogrpg\frameworks\cocos2d-x\cocos\2d\..\..\external\win32-specific\icon\prebuilt\*.*" "E:\loogrpg\frameworks\runtime-src\proj.win32\Debug.win32\"
         xcopy /Y /Q "E:\loogrpg\frameworks\cocos2d-x\cocos\2d\..\..\external\win32-specific\gles\prebuilt\*.*" "E:\loogrpg\frameworks\runtime-src\proj.win32\Debug.win32\"
         xcopy /Y /Q "E:\loogrpg\frameworks\cocos2d-x\cocos\2d\..\..\external\win32-specific\OpenalSoft\prebuilt\*.*" "E:\loogrpg\frameworks\runtime-src\proj.win32\Debug.win32\"
         xcopy /Y /Q "E:\loogrpg\frameworks\cocos2d-x\cocos\2d\..\..\external\win32-specific\MP3Decoder\prebuilt\*.*" "E:\loogrpg\frameworks\runtime-src\proj.win32\Debug.win32\"
         xcopy /Y /Q "E:\loogrpg\frameworks\cocos2d-x\cocos\2d\..\..\external\win32-specific\OggDecoder\prebuilt\*.*" "E:\loogrpg\frameworks\runtime-src\proj.win32\Debug.win32\"
         xcopy /Y /Q "E:\loogrpg\frameworks\cocos2d-x\cocos\2d\..\..\external\sqlite3\libraries\win32\*.*" "E:\loogrpg\frameworks\runtime-src\proj.win32\Debug.win32\"
         xcopy /Y /Q "E:\loogrpg\frameworks\cocos2d-x\cocos\2d\..\..\external\chipmunk\prebuilt\win32\debug-lib\*.*" "E:\loogrpg\frameworks\runtime-src\proj.win32\Debug.win32\"
         :VCEnd
         复制了 1 个文件
         复制了 1 个文件
         复制了 2 个文件
         复制了 1 个文件
         复制了 1 个文件
         复制了 2 个文件
         复制了 1 个文件
         复制了 2 个文件
         复制了 2 个文件
         复制了 2 个文件
         复制了 2 个文件
         复制了 2 个文件
         复制了 2 个文件
         复制了 6 个文件
         复制了 2 个文件
         复制了 1 个文件
       Link:
         libcocos2d.vcxproj -> E:\loogrpg\frameworks\runtime-src\proj.win32\Debug.win32\libcocos2d.dll
     1>Done Building Project "E:\loogrpg\frameworks\cocos2d-x\cocos\2d\libcocos2d.vcxproj" (Build target(s)).

Build succeeded.

Time Elapsed 00:00:00.93
