e:\longget\frameworks\cocos2d-x\cocos\scripting\lua-bindings\proj.win32\debug.win32\libluacocos2d\except.obj
e:\longget\frameworks\cocos2d-x\cocos\scripting\lua-bindings\proj.win32\debug.win32\libluacocos2d\io.obj
e:\longget\frameworks\cocos2d-x\cocos\scripting\lua-bindings\proj.win32\debug.win32\libluacocos2d\mime.obj
e:\longget\frameworks\cocos2d-x\cocos\scripting\lua-bindings\proj.win32\debug.win32\libluacocos2d\select.obj
e:\longget\frameworks\cocos2d-x\cocos\scripting\lua-bindings\proj.win32\debug.win32\libluacocos2d\tcp.obj
e:\longget\frameworks\cocos2d-x\cocos\scripting\lua-bindings\proj.win32\debug.win32\libluacocos2d\lauxlib.obj
e:\longget\frameworks\cocos2d-x\cocos\scripting\lua-bindings\proj.win32\debug.win32\libluacocos2d\ldebug.obj
e:\longget\frameworks\cocos2d-x\cocos\scripting\lua-bindings\proj.win32\debug.win32\libluacocos2d\ldump.obj
e:\longget\frameworks\cocos2d-x\cocos\scripting\lua-bindings\proj.win32\debug.win32\libluacocos2d\lmathlib.obj
e:\longget\frameworks\cocos2d-x\cocos\scripting\lua-bindings\proj.win32\debug.win32\libluacocos2d\lparser.obj
e:\longget\frameworks\cocos2d-x\cocos\scripting\lua-bindings\proj.win32\debug.win32\libluacocos2d\lstrlib.obj
e:\longget\frameworks\cocos2d-x\cocos\scripting\lua-bindings\proj.win32\debug.win32\libluacocos2d\ltm.obj
e:\longget\frameworks\cocos2d-x\cocos\scripting\lua-bindings\proj.win32\debug.win32\libluacocos2d\lundump.obj
e:\longget\frameworks\cocos2d-x\cocos\scripting\lua-bindings\proj.win32\debug.win32\libluacocos2d\lzio.obj
e:\longget\frameworks\cocos2d-x\cocos\scripting\lua-bindings\proj.win32\debug.win32\libluacocos2d\tolua_push.obj
e:\longget\frameworks\cocos2d-x\cocos\scripting\lua-bindings\proj.win32\debug.win32\libluacocos2d\auxiliar.obj
e:\longget\frameworks\cocos2d-x\cocos\scripting\lua-bindings\proj.win32\debug.win32\libluacocos2d\luasocket.obj
e:\longget\frameworks\cocos2d-x\cocos\scripting\lua-bindings\proj.win32\debug.win32\libluacocos2d\udp.obj
e:\longget\frameworks\cocos2d-x\cocos\scripting\lua-bindings\proj.win32\debug.win32\libluacocos2d\ldblib.obj
e:\longget\frameworks\cocos2d-x\cocos\scripting\lua-bindings\proj.win32\debug.win32\libluacocos2d\ldo.obj
e:\longget\frameworks\cocos2d-x\cocos\scripting\lua-bindings\proj.win32\debug.win32\libluacocos2d\liolib.obj
e:\longget\frameworks\cocos2d-x\cocos\scripting\lua-bindings\proj.win32\debug.win32\libluacocos2d\loadlib.obj
e:\longget\frameworks\cocos2d-x\cocos\scripting\lua-bindings\proj.win32\debug.win32\libluacocos2d\tolua_is.obj
e:\longget\frameworks\cocos2d-x\cocos\scripting\lua-bindings\proj.win32\debug.win32\libluacocos2d\tolua_to.obj
e:\longget\frameworks\cocos2d-x\cocos\scripting\lua-bindings\proj.win32\debug.win32\libluacocos2d\inet.obj
e:\longget\frameworks\cocos2d-x\cocos\scripting\lua-bindings\proj.win32\debug.win32\libluacocos2d\wsocket.obj
e:\longget\frameworks\cocos2d-x\cocos\scripting\lua-bindings\proj.win32\debug.win32\libluacocos2d\lbaselib.obj
e:\longget\frameworks\cocos2d-x\cocos\scripting\lua-bindings\proj.win32\debug.win32\libluacocos2d\lcode.obj
e:\longget\frameworks\cocos2d-x\cocos\scripting\lua-bindings\proj.win32\debug.win32\libluacocos2d\lfunc.obj
e:\longget\frameworks\cocos2d-x\cocos\scripting\lua-bindings\proj.win32\debug.win32\libluacocos2d\linit.obj
e:\longget\frameworks\cocos2d-x\cocos\scripting\lua-bindings\proj.win32\debug.win32\libluacocos2d\lmem.obj
e:\longget\frameworks\cocos2d-x\cocos\scripting\lua-bindings\proj.win32\debug.win32\libluacocos2d\lopcodes.obj
e:\longget\frameworks\cocos2d-x\cocos\scripting\lua-bindings\proj.win32\debug.win32\libluacocos2d\lstate.obj
e:\longget\frameworks\cocos2d-x\cocos\scripting\lua-bindings\proj.win32\debug.win32\libluacocos2d\lstring.obj
e:\longget\frameworks\cocos2d-x\cocos\scripting\lua-bindings\proj.win32\debug.win32\libluacocos2d\ltablib.obj
e:\longget\frameworks\cocos2d-x\cocos\scripting\lua-bindings\proj.win32\debug.win32\libluacocos2d\lvm.obj
e:\longget\frameworks\cocos2d-x\cocos\scripting\lua-bindings\proj.win32\debug.win32\libluacocos2d\tolua_event.obj
e:\longget\frameworks\cocos2d-x\cocos\scripting\lua-bindings\proj.win32\debug.win32\libluacocos2d\lua_extensions.obj
e:\longget\frameworks\cocos2d-x\cocos\scripting\lua-bindings\proj.win32\debug.win32\libluacocos2d\buffer.obj
e:\longget\frameworks\cocos2d-x\cocos\scripting\lua-bindings\proj.win32\debug.win32\libluacocos2d\luasocket_scripts.obj
e:\longget\frameworks\cocos2d-x\cocos\scripting\lua-bindings\proj.win32\debug.win32\libluacocos2d\options.obj
e:\longget\frameworks\cocos2d-x\cocos\scripting\lua-bindings\proj.win32\debug.win32\libluacocos2d\timeout.obj
e:\longget\frameworks\cocos2d-x\cocos\scripting\lua-bindings\proj.win32\debug.win32\libluacocos2d\lapi.obj
e:\longget\frameworks\cocos2d-x\cocos\scripting\lua-bindings\proj.win32\debug.win32\libluacocos2d\lgc.obj
e:\longget\frameworks\cocos2d-x\cocos\scripting\lua-bindings\proj.win32\debug.win32\libluacocos2d\llex.obj
e:\longget\frameworks\cocos2d-x\cocos\scripting\lua-bindings\proj.win32\debug.win32\libluacocos2d\lobject.obj
e:\longget\frameworks\cocos2d-x\cocos\scripting\lua-bindings\proj.win32\debug.win32\libluacocos2d\loslib.obj
e:\longget\frameworks\cocos2d-x\cocos\scripting\lua-bindings\proj.win32\debug.win32\libluacocos2d\ltable.obj
e:\longget\frameworks\cocos2d-x\cocos\scripting\lua-bindings\proj.win32\debug.win32\libluacocos2d\lua.obj
e:\longget\frameworks\cocos2d-x\cocos\scripting\lua-bindings\proj.win32\debug.win32\libluacocos2d\print.obj
e:\longget\frameworks\cocos2d-x\cocos\scripting\lua-bindings\proj.win32\debug.win32\libluacocos2d\tolua_map.obj
e:\longget\frameworks\cocos2d-x\cocos\scripting\lua-bindings\proj.win32\debug.win32\libluacocos2d\luatoucheventmanager.obj
e:\longget\frameworks\cocos2d-x\cocos\scripting\lua-bindings\proj.win32\debug.win32\libluacocos2d\lua_cocos2dx_assetsmanager_auto.obj
e:\longget\frameworks\cocos2d-x\cocos\scripting\lua-bindings\proj.win32\debug.win32\libluacocos2d\lua_cocos2dx_cocosdenshion_auto.obj
e:\longget\frameworks\cocos2d-x\cocos\scripting\lua-bindings\proj.win32\debug.win32\libluacocos2d\lua_cocos2dx_physics_auto.obj
e:\longget\frameworks\cocos2d-x\cocos\scripting\lua-bindings\proj.win32\debug.win32\libluacocos2d\lua_cocos2dx_3d_manual.obj
e:\longget\frameworks\cocos2d-x\cocos\scripting\lua-bindings\proj.win32\debug.win32\libluacocos2d\ccluavalue.obj
e:\longget\frameworks\cocos2d-x\cocos\scripting\lua-bindings\proj.win32\debug.win32\libluacocos2d\luaopengl.obj
e:\longget\frameworks\cocos2d-x\cocos\scripting\lua-bindings\proj.win32\debug.win32\libluacocos2d\lua_cocos2dx_physics_manual.obj
e:\longget\frameworks\cocos2d-x\cocos\scripting\lua-bindings\proj.win32\debug.win32\libluacocos2d\lua_cocos2dx_coco_studio_manual.obj
e:\longget\frameworks\cocos2d-x\cocos\scripting\lua-bindings\proj.win32\debug.win32\libluacocos2d\lua_web_socket.obj
e:\longget\frameworks\cocos2d-x\cocos\scripting\lua-bindings\proj.win32\debug.win32\libluacocos2d\lua_cocos2dx_experimental_video_manual.obj
e:\longget\frameworks\cocos2d-x\cocos\scripting\lua-bindings\proj.win32\debug.win32\libluacocos2d\lua_cocos2dx_ui_manual.obj
e:\longget\frameworks\cocos2d-x\cocos\scripting\lua-bindings\proj.win32\debug.win32\libluacocos2d\luatouchtargetnode.obj
e:\longget\frameworks\cocos2d-x\cocos\scripting\lua-bindings\proj.win32\debug.win32\libluacocos2d\lua_cocos2dx_quick_manual.obj
e:\longget\frameworks\cocos2d-x\cocos\scripting\lua-bindings\proj.win32\debug.win32\libluacocos2d\lua_cocos2dx_cocosbuilder_auto.obj
e:\longget\frameworks\cocos2d-x\cocos\scripting\lua-bindings\proj.win32\debug.win32\libluacocos2d\lua_cocos2dx_experimental_auto.obj
e:\longget\frameworks\cocos2d-x\cocos\scripting\lua-bindings\proj.win32\debug.win32\libluacocos2d\lua_cocos2dx_studio_auto.obj
e:\longget\frameworks\cocos2d-x\cocos\scripting\lua-bindings\proj.win32\debug.win32\libluacocos2d\ccluabridge.obj
e:\longget\frameworks\cocos2d-x\cocos\scripting\lua-bindings\proj.win32\debug.win32\libluacocos2d\luascripthandlermgr.obj
e:\longget\frameworks\cocos2d-x\cocos\scripting\lua-bindings\proj.win32\debug.win32\libluacocos2d\lua_cocos2dx_manual.obj
e:\longget\frameworks\cocos2d-x\cocos\scripting\lua-bindings\proj.win32\debug.win32\libluacocos2d\customguireader.obj
e:\longget\frameworks\cocos2d-x\cocos\scripting\lua-bindings\proj.win32\debug.win32\libluacocos2d\luabasicconversions.obj
e:\longget\frameworks\cocos2d-x\cocos\scripting\lua-bindings\proj.win32\debug.win32\libluacocos2d\tolua_fix.obj
e:\longget\frameworks\cocos2d-x\cocos\scripting\lua-bindings\proj.win32\debug.win32\libluacocos2d\luanodemanager.obj
e:\longget\frameworks\cocos2d-x\cocos\scripting\lua-bindings\proj.win32\debug.win32\libluacocos2d\xxtea.obj
e:\longget\frameworks\cocos2d-x\cocos\scripting\lua-bindings\proj.win32\debug.win32\libluacocos2d\lua_cocos2dx_3d_auto.obj
e:\longget\frameworks\cocos2d-x\cocos\scripting\lua-bindings\proj.win32\debug.win32\libluacocos2d\lua_cocos2dx_auto.obj
e:\longget\frameworks\cocos2d-x\cocos\scripting\lua-bindings\proj.win32\debug.win32\libluacocos2d\lua_cocos2dx_spine_auto.obj
e:\longget\frameworks\cocos2d-x\cocos\scripting\lua-bindings\proj.win32\debug.win32\libluacocos2d\lua_cocos2dx_ui_auto.obj
e:\longget\frameworks\cocos2d-x\cocos\scripting\lua-bindings\proj.win32\debug.win32\libluacocos2d\ccluaengine.obj
e:\longget\frameworks\cocos2d-x\cocos\scripting\lua-bindings\proj.win32\debug.win32\libluacocos2d\cocos2dxlualoader.obj
e:\longget\frameworks\cocos2d-x\cocos\scripting\lua-bindings\proj.win32\debug.win32\libluacocos2d\lua_cocos2dx_experimental_manual.obj
e:\longget\frameworks\cocos2d-x\cocos\scripting\lua-bindings\proj.win32\debug.win32\libluacocos2d\lua_cocos2dx_cocosbuilder_manual.obj
e:\longget\frameworks\cocos2d-x\cocos\scripting\lua-bindings\proj.win32\debug.win32\libluacocos2d\lua_cocos2dx_csloader_manual.obj
e:\longget\frameworks\cocos2d-x\cocos\scripting\lua-bindings\proj.win32\debug.win32\libluacocos2d\lua_cocos2dx_network_manual.obj
e:\longget\frameworks\cocos2d-x\cocos\scripting\lua-bindings\proj.win32\debug.win32\libluacocos2d\luaskeletonanimation.obj
e:\longget\frameworks\cocos2d-x\cocos\scripting\lua-bindings\proj.win32\debug.win32\libluacocos2d\luaeventnode.obj
e:\longget\frameworks\cocos2d-x\cocos\scripting\lua-bindings\proj.win32\debug.win32\libluacocos2d\lua_cocos2dx_audioengine_auto.obj
e:\longget\frameworks\cocos2d-x\cocos\scripting\lua-bindings\proj.win32\debug.win32\libluacocos2d\lua_cocos2dx_csloader_auto.obj
e:\longget\frameworks\cocos2d-x\cocos\scripting\lua-bindings\proj.win32\debug.win32\libluacocos2d\lua_cocos2dx_experimental_video_auto.obj
e:\longget\frameworks\cocos2d-x\cocos\scripting\lua-bindings\proj.win32\debug.win32\libluacocos2d\lua_cocos2dx_extension_auto.obj
e:\longget\frameworks\cocos2d-x\cocos\scripting\lua-bindings\proj.win32\debug.win32\libluacocos2d\lua_cocos2dx_audioengine_manual.obj
e:\longget\frameworks\cocos2d-x\cocos\scripting\lua-bindings\proj.win32\debug.win32\libluacocos2d\ccluastack.obj
e:\longget\frameworks\cocos2d-x\cocos\scripting\lua-bindings\proj.win32\debug.win32\libluacocos2d\lua_cocos2dx_deprecated.obj
e:\longget\frameworks\cocos2d-x\cocos\scripting\lua-bindings\proj.win32\debug.win32\libluacocos2d\ccbproxy.obj
e:\longget\frameworks\cocos2d-x\cocos\scripting\lua-bindings\proj.win32\debug.win32\libluacocos2d\lua_cocos2dx_cocosdenshion_manual.obj
e:\longget\frameworks\cocos2d-x\cocos\scripting\lua-bindings\proj.win32\debug.win32\libluacocos2d\lua_cocos2dx_extension_manual.obj
e:\longget\frameworks\cocos2d-x\cocos\scripting\lua-bindings\proj.win32\debug.win32\libluacocos2d\lua_xml_http_request.obj
e:\longget\frameworks\cocos2d-x\cocos\scripting\lua-bindings\proj.win32\debug.win32\libluacocos2d\lua_cocos2dx_spine_manual.obj
e:\longget\frameworks\runtime-src\proj.win32\debug.win32\libluacocos2d.lib
e:\longget\frameworks\cocos2d-x\cocos\scripting\lua-bindings\proj.win32\debug.win32\libluacocos2d\libluacocos2d.tlog\cl.command.1.tlog
e:\longget\frameworks\cocos2d-x\cocos\scripting\lua-bindings\proj.win32\debug.win32\libluacocos2d\libluacocos2d.tlog\cl.read.1.tlog
e:\longget\frameworks\cocos2d-x\cocos\scripting\lua-bindings\proj.win32\debug.win32\libluacocos2d\libluacocos2d.tlog\cl.write.1.tlog
e:\longget\frameworks\cocos2d-x\cocos\scripting\lua-bindings\proj.win32\debug.win32\libluacocos2d\libluacocos2d.tlog\lib-link.read.1.tlog
e:\longget\frameworks\cocos2d-x\cocos\scripting\lua-bindings\proj.win32\debug.win32\libluacocos2d\libluacocos2d.tlog\lib-link.write.1.tlog
e:\longget\frameworks\cocos2d-x\cocos\scripting\lua-bindings\proj.win32\debug.win32\libluacocos2d\libluacocos2d.tlog\lib.command.1.tlog
