Build started 2015/1/9 11:51:28.
     1>Project "E:\loogrpg\frameworks\cocos2d-x\cocos\scripting\lua-bindings\proj.win32\libluacocos2d.vcxproj" on node 3 (Build target(s)).
     1>PreBuildEvent:
         if not exist "E:\loogrpg\frameworks\runtime-src\proj.win32\Debug.win32\" mkdir "E:\loogrpg\frameworks\runtime-src\proj.win32\Debug.win32\"
         xcopy /Y /Q "E:\loogrpg\frameworks\cocos2d-x\cocos\scripting\lua-bindings\proj.win32\..\..\..\..\external\lua\luajit\prebuilt\win32\*.*" "E:\loogrpg\frameworks\runtime-src\proj.win32\Debug.win32\"
         :VCEnd
         复制了 2 个文件
       ClCompile:
         D:\Program Files (x86)\vs12.0\VC\bin\CL.exe /c /I"E:\loogrpg\frameworks\cocos2d-x\cocos\2d\..\..\\" /I"E:\loogrpg\frameworks\cocos2d-x\cocos\2d\..\..\cocos" /I"E:\loogrpg\frameworks\cocos2d-x\cocos\2d\..\..\external\lua\tolua" /I"E:\loogrpg\frameworks\cocos2d-x\cocos\2d\..\..\external\lua\lua" /I"E:\loogrpg\frameworks\cocos2d-x\cocos\2d\..\..\external\lua" /I"E:\loogrpg\frameworks\cocos2d-x\cocos\2d\..\..\cocos\scripting\lua-bindings\auto" /I"E:\loogrpg\frameworks\cocos2d-x\cocos\2d\..\..\cocos\scripting\lua-bindings\manual" /I"E:\loogrpg\frameworks\cocos2d-x\cocos\2d\..\..\cocos\2d" /I"E:\loogrpg\frameworks\cocos2d-x\cocos\2d\..\..\cocos\3d" /I"E:\loogrpg\frameworks\cocos2d-x\cocos\2d\..\..\cocos\editor-support\cocostudio" /I"E:\loogrpg\frameworks\cocos2d-x\cocos\2d\..\..\cocos\editor-support\cocostudio\ActionTimeline" /I"E:\loogrpg\frameworks\cocos2d-x\cocos\2d\..\..\cocos\editor-support\spine" /I"E:\loogrpg\frameworks\cocos2d-x\cocos\2d\..\..\cocos\scripting\lua-bindings\manual\extension" /I"E:\loogrpg\frameworks\cocos2d-x\cocos\2d\..\..\cocos\scripting\lua-bindings\manual\cocostudio" /I"E:\loogrpg\frameworks\cocos2d-x\cocos\2d\..\..\cocos\scripting\lua-bindings\manual\ui" /I"E:\loogrpg\frameworks\cocos2d-x\cocos\2d\..\..\cocos\scripting\lua-bindings\manual\cocos2d" /I"E:\loogrpg\frameworks\cocos2d-x\cocos\2d\..\..\extensions" /I"E:\loogrpg\frameworks\cocos2d-x\cocos\2d\..\..\cocos\editor-support\cocosbuilder" /I"E:\loogrpg\frameworks\cocos2d-x\cocos\2d\..\..\cocos\audio\include" /I"E:\loogrpg\frameworks\cocos2d-x\cocos\2d\..\..\external\libwebsockets\win32\include" /I"E:\loogrpg\frameworks\cocos2d-x\cocos\2d\..\..\cocos\ui" /I"E:\loogrpg\frameworks\cocos2d-x\cocos\2d\..\..\cocos\editor-support" /I"E:\loogrpg\frameworks\cocos2d-x\cocos\2d\..\..\external" /I"E:\loogrpg\frameworks\cocos2d-x\cocos\2d\..\..\cocos\editor-support" /I"E:\loogrpg\frameworks\cocos2d-x\cocos\2d\..\..\cocos" /I"E:\loogrpg\frameworks\cocos2d-x\cocos\2d\..\..\cocos\platform" /I"E:\loogrpg\frameworks\cocos2d-x\cocos\2d\..\..\cocos\platform\desktop" /I"E:\loogrpg\frameworks\cocos2d-x\cocos\2d\..\..\external\glfw3\include\win32" /I"E:\loogrpg\frameworks\cocos2d-x\cocos\2d\..\..\external\win32-specific\gles\include\OGLES" /Z7 /nologo /W3 /WX- /MP /Od /Oy- /D WIN32 /D _WINDOWS /D _DEBUG /D COCOS2D_DEBUG=1 /D _CRT_SECURE_NO_WARNINGS /D _VARIADIC_MAX=10 /D _USING_V110_SDK71_ /D _UNICODE /D UNICODE /Gm /EHsc /RTC1 /MDd /GS /fp:precise /Zc:wchar_t /Zc:forScope /Fo"Debug.win32\libluacocos2d\\" /Fd"Debug.win32\libluacocos2d\vc120.pdb" /Gd /TC /wd4800 /wd4267 /wd4251 /wd4244 /analyze- /errorReport:prompt ..\..\..\..\external\lua\luasocket\auxiliar.c ..\..\..\..\external\lua\luasocket\buffer.c ..\..\..\..\external\lua\luasocket\except.c ..\..\..\..\external\lua\luasocket\inet.c ..\..\..\..\external\lua\luasocket\io.c ..\..\..\..\external\lua\luasocket\luasocket.c ..\..\..\..\external\lua\luasocket\luasocket_scripts.c ..\..\..\..\external\lua\luasocket\mime.c ..\..\..\..\external\lua\luasocket\options.c ..\..\..\..\external\lua\luasocket\select.c ..\..\..\..\external\lua\luasocket\tcp.c ..\..\..\..\external\lua\luasocket\timeout.c ..\..\..\..\external\lua\luasocket\udp.c ..\..\..\..\external\lua\luasocket\wsocket.c ..\..\..\..\external\lua\lua\lapi.c ..\..\..\..\external\lua\lua\lauxlib.c ..\..\..\..\external\lua\lua\lbaselib.c ..\..\..\..\external\lua\lua\lcode.c ..\..\..\..\external\lua\lua\ldblib.c ..\..\..\..\external\lua\lua\ldebug.c ..\..\..\..\external\lua\lua\ldo.c ..\..\..\..\external\lua\lua\ldump.c ..\..\..\..\external\lua\lua\lfunc.c ..\..\..\..\external\lua\lua\lgc.c ..\..\..\..\external\lua\lua\linit.c ..\..\..\..\external\lua\lua\liolib.c ..\..\..\..\external\lua\lua\llex.c ..\..\..\..\external\lua\lua\lmathlib.c ..\..\..\..\external\lua\lua\lmem.c ..\..\..\..\external\lua\lua\loadlib.c ..\..\..\..\external\lua\lua\lobject.c ..\..\..\..\external\lua\lua\lopcodes.c ..\..\..\..\external\lua\lua\loslib.c ..\..\..\..\external\lua\lua\lparser.c ..\..\..\..\external\lua\lua\lstate.c ..\..\..\..\external\lua\lua\lstring.c ..\..\..\..\external\lua\lua\lstrlib.c ..\..\..\..\external\lua\lua\ltable.c ..\..\..\..\external\lua\lua\ltablib.c ..\..\..\..\external\lua\lua\ltm.c ..\..\..\..\external\lua\lua\lua.c ..\..\..\..\external\lua\lua\lundump.c ..\..\..\..\external\lua\lua\lvm.c ..\..\..\..\external\lua\lua\lzio.c ..\..\..\..\external\lua\lua\print.c ..\..\..\..\external\lua\tolua\tolua_event.c ..\..\..\..\external\lua\tolua\tolua_is.c ..\..\..\..\external\lua\tolua\tolua_map.c ..\..\..\..\external\lua\tolua\tolua_push.c ..\..\..\..\external\lua\tolua\tolua_to.c ..\manual\network\lua_extensions.c
     1>cl : Command line warning D9007: '/Gm' requires '/Zi or /ZI'; option ignored
     1>cl : Command line warning D9007: '/Gm' requires '/Zi or /ZI'; option ignored
         auxiliar.c
     1>cl : Command line warning D9007: '/Gm' requires '/Zi or /ZI'; option ignored
     1>cl : Command line warning D9007: '/Gm' requires '/Zi or /ZI'; option ignored
         buffer.c
         except.c
     1>cl : Command line warning D9007: '/Gm' requires '/Zi or /ZI'; option ignored
         inet.c
         io.c
         luasocket.c
         luasocket_scripts.c
         mime.c
         options.c
         select.c
     1>..\..\..\..\external\lua\luasocket\inet.c(254): warning C4133: 'function' : incompatible types - from 'WCHAR *' to 'const char *'
         tcp.c
         timeout.c
     1>..\..\..\..\external\lua\luasocket\inet.c(288): warning C4133: 'function' : incompatible types - from 'WCHAR *' to 'const char *'
         udp.c
         wsocket.c
         lapi.c
         lauxlib.c
     1>..\..\..\..\external\lua\luasocket\udp.c(181): warning C4133: 'function' : incompatible types - from 'WCHAR *' to 'const char *'
     1>..\..\..\..\external\lua\luasocket\udp.c(251): warning C4133: 'function' : incompatible types - from 'WCHAR *' to 'const char *'
     1>..\..\..\..\external\lua\luasocket\wsocket.c(431): warning C4133: 'return' : incompatible types - from 'WCHAR *' to 'const char *'
         lbaselib.c
         lcode.c
         ldblib.c
         ldebug.c
         ldo.c
         ldump.c
         lfunc.c
         lgc.c
         linit.c
         liolib.c
         llex.c
         lmathlib.c
         lmem.c
         loadlib.c
         lobject.c
         lopcodes.c
         loslib.c
         lparser.c
         lstate.c
         lstring.c
         lstrlib.c
         ltable.c
         ltablib.c
         ltm.c
         lua.c
         lundump.c
         lvm.c
         lzio.c
         print.c
         tolua_event.c
         tolua_is.c
         tolua_map.c
         tolua_push.c
         tolua_to.c
         lua_extensions.c
         D:\Program Files (x86)\vs12.0\VC\bin\CL.exe /c /I"E:\loogrpg\frameworks\cocos2d-x\cocos\2d\..\..\\" /I"E:\loogrpg\frameworks\cocos2d-x\cocos\2d\..\..\cocos" /I"E:\loogrpg\frameworks\cocos2d-x\cocos\2d\..\..\external\lua\tolua" /I"E:\loogrpg\frameworks\cocos2d-x\cocos\2d\..\..\external\lua\lua" /I"E:\loogrpg\frameworks\cocos2d-x\cocos\2d\..\..\external\lua" /I"E:\loogrpg\frameworks\cocos2d-x\cocos\2d\..\..\cocos\scripting\lua-bindings\auto" /I"E:\loogrpg\frameworks\cocos2d-x\cocos\2d\..\..\cocos\scripting\lua-bindings\manual" /I"E:\loogrpg\frameworks\cocos2d-x\cocos\2d\..\..\cocos\2d" /I"E:\loogrpg\frameworks\cocos2d-x\cocos\2d\..\..\cocos\3d" /I"E:\loogrpg\frameworks\cocos2d-x\cocos\2d\..\..\cocos\editor-support\cocostudio" /I"E:\loogrpg\frameworks\cocos2d-x\cocos\2d\..\..\cocos\editor-support\cocostudio\ActionTimeline" /I"E:\loogrpg\frameworks\cocos2d-x\cocos\2d\..\..\cocos\editor-support\spine" /I"E:\loogrpg\frameworks\cocos2d-x\cocos\2d\..\..\cocos\scripting\lua-bindings\manual\extension" /I"E:\loogrpg\frameworks\cocos2d-x\cocos\2d\..\..\cocos\scripting\lua-bindings\manual\cocostudio" /I"E:\loogrpg\frameworks\cocos2d-x\cocos\2d\..\..\cocos\scripting\lua-bindings\manual\ui" /I"E:\loogrpg\frameworks\cocos2d-x\cocos\2d\..\..\cocos\scripting\lua-bindings\manual\cocos2d" /I"E:\loogrpg\frameworks\cocos2d-x\cocos\2d\..\..\extensions" /I"E:\loogrpg\frameworks\cocos2d-x\cocos\2d\..\..\cocos\editor-support\cocosbuilder" /I"E:\loogrpg\frameworks\cocos2d-x\cocos\2d\..\..\cocos\audio\include" /I"E:\loogrpg\frameworks\cocos2d-x\cocos\2d\..\..\external\libwebsockets\win32\include" /I"E:\loogrpg\frameworks\cocos2d-x\cocos\2d\..\..\cocos\ui" /I"E:\loogrpg\frameworks\cocos2d-x\cocos\2d\..\..\cocos\editor-support" /I"E:\loogrpg\frameworks\cocos2d-x\cocos\2d\..\..\external" /I"E:\loogrpg\frameworks\cocos2d-x\cocos\2d\..\..\cocos\editor-support" /I"E:\loogrpg\frameworks\cocos2d-x\cocos\2d\..\..\cocos" /I"E:\loogrpg\frameworks\cocos2d-x\cocos\2d\..\..\cocos\platform" /I"E:\loogrpg\frameworks\cocos2d-x\cocos\2d\..\..\cocos\platform\desktop" /I"E:\loogrpg\frameworks\cocos2d-x\cocos\2d\..\..\external\glfw3\include\win32" /I"E:\loogrpg\frameworks\cocos2d-x\cocos\2d\..\..\external\win32-specific\gles\include\OGLES" /Z7 /nologo /W3 /WX- /MP /Od /Oy- /D WIN32 /D _WINDOWS /D _DEBUG /D COCOS2D_DEBUG=1 /D _CRT_SECURE_NO_WARNINGS /D _VARIADIC_MAX=10 /D _USING_V110_SDK71_ /D _UNICODE /D UNICODE /Gm /EHsc /RTC1 /MDd /GS /fp:precise /Zc:wchar_t /Zc:forScope /Fo"Debug.win32\libluacocos2d\\" /Fd"Debug.win32\libluacocos2d\vc120.pdb" /Gd /TP /wd4800 /wd4267 /wd4251 /wd4244 /analyze- /errorReport:prompt ..\..\..\..\external\lua\quick\LuaEventNode.cpp ..\..\..\..\external\lua\quick\LuaNodeManager.cpp ..\..\..\..\external\lua\quick\LuaTouchEventManager.cpp ..\..\..\..\external\lua\quick\LuaTouchTargetNode.cpp ..\..\..\..\external\lua\quick\lua_cocos2dx_quick_manual.cpp ..\..\..\..\external\xxtea\xxtea.cpp ..\auto\lua_cocos2dx_3d_auto.cpp ..\auto\lua_cocos2dx_assetsmanager_auto.cpp ..\auto\lua_cocos2dx_audioengine_auto.cpp ..\auto\lua_cocos2dx_auto.cpp ..\auto\lua_cocos2dx_cocosbuilder_auto.cpp ..\auto\lua_cocos2dx_cocosdenshion_auto.cpp ..\auto\lua_cocos2dx_csloader_auto.cpp ..\auto\lua_cocos2dx_experimental_auto.cpp ..\auto\lua_cocos2dx_experimental_video_auto.cpp ..\auto\lua_cocos2dx_extension_auto.cpp ..\auto\lua_cocos2dx_physics_auto.cpp ..\auto\lua_cocos2dx_spine_auto.cpp ..\auto\lua_cocos2dx_studio_auto.cpp ..\auto\lua_cocos2dx_ui_auto.cpp ..\manual\3d\lua_cocos2dx_3d_manual.cpp ..\manual\audioengine\lua_cocos2dx_audioengine_manual.cpp ..\manual\CCLuaBridge.cpp ..\manual\CCLuaEngine.cpp ..\manual\CCLuaStack.cpp ..\manual\CCLuaValue.cpp ..\manual\Cocos2dxLuaLoader.cpp ..\manual\cocos2d\LuaOpengl.cpp ..\manual\cocos2d\LuaScriptHandlerMgr.cpp ..\manual\cocos2d\lua_cocos2dx_deprecated.cpp ..\manual\cocos2d\lua_cocos2dx_experimental_manual.cpp ..\manual\cocos2d\lua_cocos2dx_manual.cpp ..\manual\cocos2d\lua_cocos2dx_physics_manual.cpp ..\manual\cocosbuilder\CCBProxy.cpp ..\manual\cocosbuilder\lua_cocos2dx_cocosbuilder_manual.cpp ..\manual\cocosdenshion\lua_cocos2dx_cocosdenshion_manual.cpp ..\manual\cocostudio\CustomGUIReader.cpp ..\manual\cocostudio\lua_cocos2dx_coco_studio_manual.cpp ..\manual\cocostudio\lua_cocos2dx_csloader_manual.cpp ..\manual\extension\lua_cocos2dx_extension_manual.cpp ..\manual\LuaBasicConversions.cpp ..\manual\network\lua_cocos2dx_network_manual.cpp ..\manual\network\Lua_web_socket.cpp ..\manual\network\lua_xml_http_request.cpp ..\manual\spine\LuaSkeletonAnimation.cpp ..\manual\spine\lua_cocos2dx_spine_manual.cpp ..\manual\tolua_fix.cpp ..\manual\ui\lua_cocos2dx_experimental_video_manual.cpp ..\manual\ui\lua_cocos2dx_ui_manual.cpp
     1>cl : Command line warning D9007: '/Gm' requires '/Zi or /ZI'; option ignored
     1>cl : Command line warning D9007: '/Gm' requires '/Zi or /ZI'; option ignored
     1>cl : Command line warning D9007: '/Gm' requires '/Zi or /ZI'; option ignored
         LuaEventNode.cpp
         LuaNodeManager.cpp
     1>cl : Command line warning D9007: '/Gm' requires '/Zi or /ZI'; option ignored
     1>cl : Command line warning D9007: '/Gm' requires '/Zi or /ZI'; option ignored
         LuaTouchEventManager.cpp
         LuaTouchTargetNode.cpp
         lua_cocos2dx_quick_manual.cpp
         xxtea.cpp
         lua_cocos2dx_3d_auto.cpp
         lua_cocos2dx_assetsmanager_auto.cpp
     1>..\auto\lua_cocos2dx_3d_auto.cpp(1316): warning C4083: expected '('; found identifier 'NO'
         lua_cocos2dx_audioengine_auto.cpp
         lua_cocos2dx_auto.cpp
         lua_cocos2dx_cocosbuilder_auto.cpp
         lua_cocos2dx_cocosdenshion_auto.cpp
         lua_cocos2dx_csloader_auto.cpp
     1>..\auto\lua_cocos2dx_auto.cpp(11083): warning C4083: expected '('; found identifier 'NO'
     1>..\auto\lua_cocos2dx_auto.cpp(11124): warning C4083: expected '('; found identifier 'NO'
         lua_cocos2dx_experimental_auto.cpp
         lua_cocos2dx_experimental_video_auto.cpp
         lua_cocos2dx_extension_auto.cpp
         lua_cocos2dx_physics_auto.cpp
         lua_cocos2dx_spine_auto.cpp
         lua_cocos2dx_studio_auto.cpp
         lua_cocos2dx_ui_auto.cpp
         lua_cocos2dx_3d_manual.cpp
     1>..\auto\lua_cocos2dx_spine_auto.cpp(520): warning C4083: expected '('; found identifier 'NO'
     1>..\auto\lua_cocos2dx_spine_auto.cpp(684): warning C4083: expected '('; found identifier 'NO'
     1>..\auto\lua_cocos2dx_spine_auto.cpp(701): warning C4083: expected '('; found identifier 'NO'
     1>..\auto\lua_cocos2dx_spine_auto.cpp(838): warning C4083: expected '('; found identifier 'NO'
     1>..\auto\lua_cocos2dx_spine_auto.cpp(895): warning C4083: expected '('; found identifier 'NO'
     1>..\auto\lua_cocos2dx_spine_auto.cpp(952): warning C4083: expected '('; found identifier 'NO'
     1>..\auto\lua_cocos2dx_spine_auto.cpp(1062): warning C4083: expected '('; found identifier 'NO'
     1>e:\loogrpg\frameworks\cocos2d-x\cocos\scripting\lua-bindings\auto\lua_cocos2dx_spine_auto.cpp(851): warning C4700: uninitialized local variable 'arg0' used
     1>e:\loogrpg\frameworks\cocos2d-x\cocos\scripting\lua-bindings\auto\lua_cocos2dx_spine_auto.cpp(1075): warning C4700: uninitialized local variable 'arg0' used
     1>e:\loogrpg\frameworks\cocos2d-x\cocos\scripting\lua-bindings\auto\lua_cocos2dx_spine_auto.cpp(965): warning C4700: uninitialized local variable 'arg0' used
     1>e:\loogrpg\frameworks\cocos2d-x\cocos\scripting\lua-bindings\auto\lua_cocos2dx_spine_auto.cpp(687): warning C4700: uninitialized local variable 'arg1' used
     1>e:\loogrpg\frameworks\cocos2d-x\cocos\scripting\lua-bindings\auto\lua_cocos2dx_spine_auto.cpp(707): warning C4700: uninitialized local variable 'arg1' used
     1>e:\loogrpg\frameworks\cocos2d-x\cocos\scripting\lua-bindings\auto\lua_cocos2dx_spine_auto.cpp(908): warning C4700: uninitialized local variable 'arg0' used
         lua_cocos2dx_audioengine_manual.cpp
     1>..\manual\3d\lua_cocos2dx_3d_manual.cpp(1396): warning C4018: '<=' : signed/unsigned mismatch
     1>..\manual\3d\lua_cocos2dx_3d_manual.cpp(1415): warning C4018: '<=' : signed/unsigned mismatch
     1>..\auto\lua_cocos2dx_ui_auto.cpp(21458): warning C4083: expected '('; found identifier 'NO'
     1>..\auto\lua_cocos2dx_ui_auto.cpp(21602): warning C4083: expected '('; found identifier 'NO'
     1>..\auto\lua_cocos2dx_ui_auto.cpp(21990): warning C4083: expected '('; found identifier 'NO'
     1>..\auto\lua_cocos2dx_ui_auto.cpp(22138): warning C4083: expected '('; found identifier 'NO'
         CCLuaBridge.cpp
         CCLuaEngine.cpp
         CCLuaStack.cpp
         CCLuaValue.cpp
         Cocos2dxLuaLoader.cpp
     1>..\manual\CCLuaStack.cpp(791): warning C4996: 'cocos2d::FileUtils::getFileData': was declared deprecated
                 e:\loogrpg\frameworks\cocos2d-x\cocos\platform/CCFileUtils.h(101) : see declaration of 'cocos2d::FileUtils::getFileData'
                 e:\loogrpg\frameworks\cocos2d-x\cocos\platform/CCFileUtils.h(101) : see declaration of 'cocos2d::FileUtils::getFileData'
         LuaOpengl.cpp
         LuaScriptHandlerMgr.cpp
         lua_cocos2dx_deprecated.cpp
     1>..\manual\Cocos2dxLuaLoader.cpp(90): warning C4996: 'cocos2d::FileUtils::getFileData': was declared deprecated
                 e:\loogrpg\frameworks\cocos2d-x\cocos\platform/CCFileUtils.h(101) : see declaration of 'cocos2d::FileUtils::getFileData'
                 e:\loogrpg\frameworks\cocos2d-x\cocos\platform/CCFileUtils.h(101) : see declaration of 'cocos2d::FileUtils::getFileData'
     1>..\manual\Cocos2dxLuaLoader.cpp(98): warning C4996: 'cocos2d::FileUtils::getFileData': was declared deprecated
                 e:\loogrpg\frameworks\cocos2d-x\cocos\platform/CCFileUtils.h(101) : see declaration of 'cocos2d::FileUtils::getFileData'
                 e:\loogrpg\frameworks\cocos2d-x\cocos\platform/CCFileUtils.h(101) : see declaration of 'cocos2d::FileUtils::getFileData'
     1>..\manual\cocos2d\LuaOpengl.cpp(4431): warning C4996: 'cocos2d::DrawPrimitives::drawPoint': was declared deprecated
                 e:\loogrpg\frameworks\cocos2d-x\cocos\2d/CCDrawingPrimitives.h(88) : see declaration of 'cocos2d::DrawPrimitives::drawPoint'
     1>..\manual\cocos2d\LuaOpengl.cpp(4466): warning C4018: '<' : signed/unsigned mismatch
     1>..\manual\cocos2d\LuaOpengl.cpp(4484): warning C4996: 'cocos2d::DrawPrimitives::drawPoints': was declared deprecated
                 e:\loogrpg\frameworks\cocos2d-x\cocos\2d/CCDrawingPrimitives.h(93) : see declaration of 'cocos2d::DrawPrimitives::drawPoints'
     1>..\manual\cocos2d\LuaOpengl.cpp(4519): warning C4996: 'cocos2d::DrawPrimitives::drawLine': was declared deprecated
                 e:\loogrpg\frameworks\cocos2d-x\cocos\2d/CCDrawingPrimitives.h(96) : see declaration of 'cocos2d::DrawPrimitives::drawLine'
     1>..\manual\cocos2d\LuaOpengl.cpp(4552): warning C4996: 'cocos2d::DrawPrimitives::drawRect': was declared deprecated
                 e:\loogrpg\frameworks\cocos2d-x\cocos\2d/CCDrawingPrimitives.h(99) : see declaration of 'cocos2d::DrawPrimitives::drawRect'
     1>..\manual\cocos2d\LuaOpengl.cpp(4592): warning C4996: 'cocos2d::DrawPrimitives::drawSolidRect': was declared deprecated
                 e:\loogrpg\frameworks\cocos2d-x\cocos\2d/CCDrawingPrimitives.h(104) : see declaration of 'cocos2d::DrawPrimitives::drawSolidRect'
     1>..\manual\cocos2d\LuaOpengl.cpp(4628): warning C4018: '<' : signed/unsigned mismatch
     1>..\manual\cocos2d\LuaOpengl.cpp(4646): warning C4996: 'cocos2d::DrawPrimitives::drawPoly': was declared deprecated
                 e:\loogrpg\frameworks\cocos2d-x\cocos\2d/CCDrawingPrimitives.h(109) : see declaration of 'cocos2d::DrawPrimitives::drawPoly'
     1>..\manual\cocos2d\LuaOpengl.cpp(4682): warning C4018: '<' : signed/unsigned mismatch
     1>..\manual\cocos2d\LuaOpengl.cpp(4708): warning C4996: 'cocos2d::DrawPrimitives::drawSolidPoly': was declared deprecated
                 e:\loogrpg\frameworks\cocos2d-x\cocos\2d/CCDrawingPrimitives.h(113) : see declaration of 'cocos2d::DrawPrimitives::drawSolidPoly'
     1>..\manual\cocos2d\LuaOpengl.cpp(4752): warning C4996: 'cocos2d::DrawPrimitives::drawCircle': was declared deprecated
                 e:\loogrpg\frameworks\cocos2d-x\cocos\2d/CCDrawingPrimitives.h(116) : see declaration of 'cocos2d::DrawPrimitives::drawCircle'
     1>..\manual\cocos2d\LuaOpengl.cpp(4790): warning C4996: 'cocos2d::DrawPrimitives::drawSolidCircle': was declared deprecated
                 e:\loogrpg\frameworks\cocos2d-x\cocos\2d/CCDrawingPrimitives.h(120) : see declaration of 'cocos2d::DrawPrimitives::drawSolidCircle'
     1>..\manual\cocos2d\LuaOpengl.cpp(4832): warning C4996: 'cocos2d::DrawPrimitives::drawQuadBezier': was declared deprecated
                 e:\loogrpg\frameworks\cocos2d-x\cocos\2d/CCDrawingPrimitives.h(127) : see declaration of 'cocos2d::DrawPrimitives::drawQuadBezier'
     1>..\manual\cocos2d\LuaOpengl.cpp(4879): warning C4996: 'cocos2d::DrawPrimitives::drawCubicBezier': was declared deprecated
                 e:\loogrpg\frameworks\cocos2d-x\cocos\2d/CCDrawingPrimitives.h(133) : see declaration of 'cocos2d::DrawPrimitives::drawCubicBezier'
     1>..\manual\cocos2d\LuaOpengl.cpp(4925): warning C4996: 'cocos2d::DrawPrimitives::drawCatmullRom': was declared deprecated
                 e:\loogrpg\frameworks\cocos2d-x\cocos\2d/CCDrawingPrimitives.h(139) : see declaration of 'cocos2d::DrawPrimitives::drawCatmullRom'
     1>..\manual\cocos2d\LuaOpengl.cpp(4971): warning C4996: 'cocos2d::DrawPrimitives::drawCardinalSpline': was declared deprecated
                 e:\loogrpg\frameworks\cocos2d-x\cocos\2d/CCDrawingPrimitives.h(145) : see declaration of 'cocos2d::DrawPrimitives::drawCardinalSpline'
     1>..\manual\cocos2d\LuaOpengl.cpp(5003): warning C4996: 'cocos2d::DrawPrimitives::setDrawColor4B': was declared deprecated
                 e:\loogrpg\frameworks\cocos2d-x\cocos\2d/CCDrawingPrimitives.h(150) : see declaration of 'cocos2d::DrawPrimitives::setDrawColor4B'
     1>..\manual\cocos2d\LuaOpengl.cpp(5035): warning C4996: 'cocos2d::DrawPrimitives::setDrawColor4F': was declared deprecated
                 e:\loogrpg\frameworks\cocos2d-x\cocos\2d/CCDrawingPrimitives.h(155) : see declaration of 'cocos2d::DrawPrimitives::setDrawColor4F'
     1>..\manual\cocos2d\LuaOpengl.cpp(5061): warning C4996: 'cocos2d::DrawPrimitives::setPointSize': was declared deprecated
                 e:\loogrpg\frameworks\cocos2d-x\cocos\2d/CCDrawingPrimitives.h(160) : see declaration of 'cocos2d::DrawPrimitives::setPointSize'
     1>..\manual\cocos2d\LuaOpengl.cpp(5086): warning C4996: 'tolua_cocos2d_DrawPrimitives_drawPoint00': was declared deprecated
                 ..\manual\cocos2d\LuaOpengl.cpp(4417) : see declaration of 'tolua_cocos2d_DrawPrimitives_drawPoint00'
     1>..\manual\cocos2d\LuaOpengl.cpp(5087): warning C4996: 'tolua_cocos2d_DrawPrimitives_drawPoints00': was declared deprecated
                 ..\manual\cocos2d\LuaOpengl.cpp(4445) : see declaration of 'tolua_cocos2d_DrawPrimitives_drawPoints00'
     1>..\manual\cocos2d\LuaOpengl.cpp(5088): warning C4996: 'tolua_cocos2d_DrawPrimitives_drawLine00': was declared deprecated
                 ..\manual\cocos2d\LuaOpengl.cpp(4499) : see declaration of 'tolua_cocos2d_DrawPrimitives_drawLine00'
     1>..\manual\cocos2d\LuaOpengl.cpp(5089): warning C4996: 'tolua_cocos2d_DrawPrimitives_drawRect00': was declared deprecated
                 ..\manual\cocos2d\LuaOpengl.cpp(4532) : see declaration of 'tolua_cocos2d_DrawPrimitives_drawRect00'
     1>..\manual\cocos2d\LuaOpengl.cpp(5090): warning C4996: 'tolua_cocos2d_DrawPrimitives_drawSolidRect00': was declared deprecated
                 ..\manual\cocos2d\LuaOpengl.cpp(4565) : see declaration of 'tolua_cocos2d_DrawPrimitives_drawSolidRect00'
     1>..\manual\cocos2d\LuaOpengl.cpp(5091): warning C4996: 'tolua_cocos2d_DrawPrimitives_drawPoly00': was declared deprecated
                 ..\manual\cocos2d\LuaOpengl.cpp(4605) : see declaration of 'tolua_cocos2d_DrawPrimitives_drawPoly00'
     1>..\manual\cocos2d\LuaOpengl.cpp(5092): warning C4996: 'tolua_cocos2d_DrawPrimitives_drawSolidPoly00': was declared deprecated
                 ..\manual\cocos2d\LuaOpengl.cpp(4661) : see declaration of 'tolua_cocos2d_DrawPrimitives_drawSolidPoly00'
     1>..\manual\cocos2d\LuaOpengl.cpp(5093): warning C4996: 'tolua_cocos2d_DrawPrimitives_drawCircle00': was declared deprecated
                 ..\manual\cocos2d\LuaOpengl.cpp(4723) : see declaration of 'tolua_cocos2d_DrawPrimitives_drawCircle00'
     1>..\manual\cocos2d\LuaOpengl.cpp(5094): warning C4996: 'tolua_cocos2d_DrawPrimitives_drawSolidCircle00': was declared deprecated
                 ..\manual\cocos2d\LuaOpengl.cpp(4765) : see declaration of 'tolua_cocos2d_DrawPrimitives_drawSolidCircle00'
     1>..\manual\cocos2d\LuaOpengl.cpp(5095): warning C4996: 'tolua_cocos2d_DrawPrimitives_drawQuadBezier00': was declared deprecated
                 ..\manual\cocos2d\LuaOpengl.cpp(4804) : see declaration of 'tolua_cocos2d_DrawPrimitives_drawQuadBezier00'
     1>..\manual\cocos2d\LuaOpengl.cpp(5096): warning C4996: 'tolua_cocos2d_DrawPrimitives_drawCubicBezier00': was declared deprecated
                 ..\manual\cocos2d\LuaOpengl.cpp(4845) : see declaration of 'tolua_cocos2d_DrawPrimitives_drawCubicBezier00'
     1>..\manual\cocos2d\LuaOpengl.cpp(5097): warning C4996: 'tolua_cocos2d_DrawPrimitives_drawCatmullRom00': was declared deprecated
                 ..\manual\cocos2d\LuaOpengl.cpp(4892) : see declaration of 'tolua_cocos2d_DrawPrimitives_drawCatmullRom00'
     1>..\manual\cocos2d\LuaOpengl.cpp(5098): warning C4996: 'tolua_cocos2d_DrawPrimitives_drawCardinalSpline00': was declared deprecated
                 ..\manual\cocos2d\LuaOpengl.cpp(4938) : see declaration of 'tolua_cocos2d_DrawPrimitives_drawCardinalSpline00'
     1>..\manual\cocos2d\LuaOpengl.cpp(5099): warning C4996: 'tolua_cocos2d_DrawPrimitives_drawColor4B00': was declared deprecated
                 ..\manual\cocos2d\LuaOpengl.cpp(4984) : see declaration of 'tolua_cocos2d_DrawPrimitives_drawColor4B00'
     1>..\manual\cocos2d\LuaOpengl.cpp(5100): warning C4996: 'tolua_cocos2d_DrawPrimitives_drawColor4F00': was declared deprecated
                 ..\manual\cocos2d\LuaOpengl.cpp(5016) : see declaration of 'tolua_cocos2d_DrawPrimitives_drawColor4F00'
     1>..\manual\cocos2d\LuaOpengl.cpp(5101): warning C4996: 'tolua_cocos2d_DrawPrimitives_setPointSize00': was declared deprecated
                 ..\manual\cocos2d\LuaOpengl.cpp(5048) : see declaration of 'tolua_cocos2d_DrawPrimitives_setPointSize00'
     1>..\manual\cocos2d\lua_cocos2dx_deprecated.cpp(1527): warning C4018: '<' : signed/unsigned mismatch
     1>..\manual\cocos2d\lua_cocos2dx_deprecated.cpp(2222): warning C4083: expected '('; found identifier 'NO'
     1>..\manual\cocos2d\lua_cocos2dx_deprecated.cpp(3893): warning C4083: expected '('; found identifier 'NO'
         lua_cocos2dx_experimental_manual.cpp
         lua_cocos2dx_manual.cpp
         lua_cocos2dx_physics_manual.cpp
         CCBProxy.cpp
         lua_cocos2dx_cocosbuilder_manual.cpp
     1>..\manual\cocos2d\lua_cocos2dx_manual.cpp(270): warning C4018: '<=' : signed/unsigned mismatch
     1>..\manual\cocos2d\lua_cocos2dx_manual.cpp(419): warning C4018: '<' : signed/unsigned mismatch
     1>..\manual\cocos2d\lua_cocos2dx_manual.cpp(1752): warning C4018: '<=' : signed/unsigned mismatch
     1>..\manual\cocos2d\lua_cocos2dx_manual.cpp(2491): warning C4018: '<=' : signed/unsigned mismatch
     1>..\manual\cocos2d\lua_cocos2dx_manual.cpp(2886): warning C4018: '<' : signed/unsigned mismatch
     1>..\manual\cocos2d\lua_cocos2dx_manual.cpp(2972): warning C4018: '<' : signed/unsigned mismatch
     1>..\manual\cocos2d\lua_cocos2dx_manual.cpp(3051): warning C4018: '<' : signed/unsigned mismatch
     1>..\manual\cocos2d\lua_cocos2dx_manual.cpp(3261): warning C4018: '<' : signed/unsigned mismatch
     1>..\manual\cocos2d\lua_cocos2dx_manual.cpp(3811): warning C4018: '<=' : signed/unsigned mismatch
     1>..\manual\cocos2d\lua_cocos2dx_manual.cpp(3884): warning C4018: '<=' : signed/unsigned mismatch
     1>..\manual\cocos2d\lua_cocos2dx_manual.cpp(3958): warning C4018: '<=' : signed/unsigned mismatch
     1>..\manual\cocos2d\lua_cocos2dx_manual.cpp(4030): warning C4018: '<=' : signed/unsigned mismatch
     1>..\manual\cocos2d\lua_cocos2dx_manual.cpp(4104): warning C4018: '<=' : signed/unsigned mismatch
     1>..\manual\cocos2d\lua_cocos2dx_manual.cpp(6620): warning C4018: '<' : signed/unsigned mismatch
     1>..\manual\cocos2d\lua_cocos2dx_manual.cpp(6852): warning C4018: '<=' : signed/unsigned mismatch
         lua_cocos2dx_cocosdenshion_manual.cpp
         CustomGUIReader.cpp
         lua_cocos2dx_coco_studio_manual.cpp
         lua_cocos2dx_csloader_manual.cpp
         lua_cocos2dx_extension_manual.cpp
     1>E:\loogrpg\frameworks\cocos2d-x\cocos\editor-support\cocostudio/WidgetReader/NodeReaderProtocol.h(32): warning C4099: 'flatbuffers::FlatBufferBuilder' : type name first seen using 'struct' now seen using 'class' (..\manual\cocostudio\lua_cocos2dx_coco_studio_manual.cpp)
                 E:\loogrpg\frameworks\cocos2d-x\cocos\editor-support\cocostudio/ActionTimeline/CCActionTimelineCache.h(37) : see declaration of 'flatbuffers::FlatBufferBuilder'
     1>..\manual\cocostudio\lua_cocos2dx_coco_studio_manual.cpp(386): warning C4996: 'cocostudio::Bone::getIgnoreMovementBoneData': was declared deprecated
                 E:\loogrpg\frameworks\cocos2d-x\cocos\editor-support\cocostudio/CCBone.h(194) : see declaration of 'cocostudio::Bone::getIgnoreMovementBoneData'
                 E:\loogrpg\frameworks\cocos2d-x\cocos\editor-support\cocostudio/CCBone.h(194) : see declaration of 'cocostudio::Bone::getIgnoreMovementBoneData'
         LuaBasicConversions.cpp
         lua_cocos2dx_network_manual.cpp
         Lua_web_socket.cpp
     1>E:\loogrpg\frameworks\cocos2d-x\cocos\network/HttpRequest.h(185): warning C4996: 'cocos2d::network::HttpRequest::setResponseCallback': was declared deprecated (..\manual\network\lua_cocos2dx_network_manual.cpp)
                 E:\loogrpg\frameworks\cocos2d-x\cocos\network/HttpRequest.h(188) : see declaration of 'cocos2d::network::HttpRequest::setResponseCallback'
         lua_xml_http_request.cpp
     1>E:\loogrpg\frameworks\cocos2d-x\cocos\network/HttpRequest.h(185): warning C4996: 'cocos2d::network::HttpRequest::setResponseCallback': was declared deprecated (..\manual\network\lua_xml_http_request.cpp)
                 E:\loogrpg\frameworks\cocos2d-x\cocos\network/HttpRequest.h(188) : see declaration of 'cocos2d::network::HttpRequest::setResponseCallback'
         LuaSkeletonAnimation.cpp
         lua_cocos2dx_spine_manual.cpp
     1>..\manual\network\lua_xml_http_request.cpp(316): warning C4102: 'tolua_lerror' : unreferenced label
     1>..\manual\network\lua_xml_http_request.cpp(697): warning C4018: '<' : signed/unsigned mismatch
         tolua_fix.cpp
         lua_cocos2dx_experimental_video_manual.cpp
         lua_cocos2dx_ui_manual.cpp
       Lib:
         D:\Program Files (x86)\vs12.0\VC\bin\Lib.exe /OUT:"E:\loogrpg\frameworks\runtime-src\proj.win32\Debug.win32\libluacocos2d.lib" /NOLOGO Debug.win32\libluacocos2d\auxiliar.obj
         Debug.win32\libluacocos2d\buffer.obj
         Debug.win32\libluacocos2d\except.obj
         Debug.win32\libluacocos2d\inet.obj
         Debug.win32\libluacocos2d\io.obj
         Debug.win32\libluacocos2d\luasocket.obj
         Debug.win32\libluacocos2d\luasocket_scripts.obj
         Debug.win32\libluacocos2d\mime.obj
         Debug.win32\libluacocos2d\options.obj
         Debug.win32\libluacocos2d\select.obj
         Debug.win32\libluacocos2d\tcp.obj
         Debug.win32\libluacocos2d\timeout.obj
         Debug.win32\libluacocos2d\udp.obj
         Debug.win32\libluacocos2d\wsocket.obj
         Debug.win32\libluacocos2d\lapi.obj
         Debug.win32\libluacocos2d\lauxlib.obj
         Debug.win32\libluacocos2d\lbaselib.obj
         Debug.win32\libluacocos2d\lcode.obj
         Debug.win32\libluacocos2d\ldblib.obj
         Debug.win32\libluacocos2d\ldebug.obj
         Debug.win32\libluacocos2d\ldo.obj
         Debug.win32\libluacocos2d\ldump.obj
         Debug.win32\libluacocos2d\lfunc.obj
         Debug.win32\libluacocos2d\lgc.obj
         Debug.win32\libluacocos2d\linit.obj
         Debug.win32\libluacocos2d\liolib.obj
         Debug.win32\libluacocos2d\llex.obj
         Debug.win32\libluacocos2d\lmathlib.obj
         Debug.win32\libluacocos2d\lmem.obj
         Debug.win32\libluacocos2d\loadlib.obj
         Debug.win32\libluacocos2d\lobject.obj
         Debug.win32\libluacocos2d\lopcodes.obj
         Debug.win32\libluacocos2d\loslib.obj
         Debug.win32\libluacocos2d\lparser.obj
         Debug.win32\libluacocos2d\lstate.obj
         Debug.win32\libluacocos2d\lstring.obj
         Debug.win32\libluacocos2d\lstrlib.obj
         Debug.win32\libluacocos2d\ltable.obj
         Debug.win32\libluacocos2d\ltablib.obj
         Debug.win32\libluacocos2d\ltm.obj
         Debug.win32\libluacocos2d\lua.obj
         Debug.win32\libluacocos2d\lundump.obj
         Debug.win32\libluacocos2d\lvm.obj
         Debug.win32\libluacocos2d\lzio.obj
         Debug.win32\libluacocos2d\print.obj
         Debug.win32\libluacocos2d\LuaEventNode.obj
         Debug.win32\libluacocos2d\LuaNodeManager.obj
         Debug.win32\libluacocos2d\LuaTouchEventManager.obj
         Debug.win32\libluacocos2d\LuaTouchTargetNode.obj
         Debug.win32\libluacocos2d\lua_cocos2dx_quick_manual.obj
         Debug.win32\libluacocos2d\tolua_event.obj
         Debug.win32\libluacocos2d\tolua_is.obj
         Debug.win32\libluacocos2d\tolua_map.obj
         Debug.win32\libluacocos2d\tolua_push.obj
         Debug.win32\libluacocos2d\tolua_to.obj
         Debug.win32\libluacocos2d\xxtea.obj
         Debug.win32\libluacocos2d\lua_cocos2dx_3d_auto.obj
         Debug.win32\libluacocos2d\lua_cocos2dx_assetsmanager_auto.obj
         Debug.win32\libluacocos2d\lua_cocos2dx_audioengine_auto.obj
         Debug.win32\libluacocos2d\lua_cocos2dx_auto.obj
         Debug.win32\libluacocos2d\lua_cocos2dx_cocosbuilder_auto.obj
         Debug.win32\libluacocos2d\lua_cocos2dx_cocosdenshion_auto.obj
         Debug.win32\libluacocos2d\lua_cocos2dx_csloader_auto.obj
         Debug.win32\libluacocos2d\lua_cocos2dx_experimental_auto.obj
         Debug.win32\libluacocos2d\lua_cocos2dx_experimental_video_auto.obj
         Debug.win32\libluacocos2d\lua_cocos2dx_extension_auto.obj
         Debug.win32\libluacocos2d\lua_cocos2dx_physics_auto.obj
         Debug.win32\libluacocos2d\lua_cocos2dx_spine_auto.obj
         Debug.win32\libluacocos2d\lua_cocos2dx_studio_auto.obj
         Debug.win32\libluacocos2d\lua_cocos2dx_ui_auto.obj
         Debug.win32\libluacocos2d\lua_cocos2dx_3d_manual.obj
         Debug.win32\libluacocos2d\lua_cocos2dx_audioengine_manual.obj
         Debug.win32\libluacocos2d\CCLuaBridge.obj
         Debug.win32\libluacocos2d\CCLuaEngine.obj
         Debug.win32\libluacocos2d\CCLuaStack.obj
         Debug.win32\libluacocos2d\CCLuaValue.obj
         Debug.win32\libluacocos2d\Cocos2dxLuaLoader.obj
         Debug.win32\libluacocos2d\LuaOpengl.obj
         Debug.win32\libluacocos2d\LuaScriptHandlerMgr.obj
         Debug.win32\libluacocos2d\lua_cocos2dx_deprecated.obj
         Debug.win32\libluacocos2d\lua_cocos2dx_experimental_manual.obj
         Debug.win32\libluacocos2d\lua_cocos2dx_manual.obj
         Debug.win32\libluacocos2d\lua_cocos2dx_physics_manual.obj
         Debug.win32\libluacocos2d\CCBProxy.obj
         Debug.win32\libluacocos2d\lua_cocos2dx_cocosbuilder_manual.obj
         Debug.win32\libluacocos2d\lua_cocos2dx_cocosdenshion_manual.obj
         Debug.win32\libluacocos2d\CustomGUIReader.obj
         Debug.win32\libluacocos2d\lua_cocos2dx_coco_studio_manual.obj
         Debug.win32\libluacocos2d\lua_cocos2dx_csloader_manual.obj
         Debug.win32\libluacocos2d\lua_cocos2dx_extension_manual.obj
         Debug.win32\libluacocos2d\LuaBasicConversions.obj
         Debug.win32\libluacocos2d\lua_cocos2dx_network_manual.obj
         Debug.win32\libluacocos2d\lua_extensions.obj
         Debug.win32\libluacocos2d\Lua_web_socket.obj
         Debug.win32\libluacocos2d\lua_xml_http_request.obj
         Debug.win32\libluacocos2d\LuaSkeletonAnimation.obj
         Debug.win32\libluacocos2d\lua_cocos2dx_spine_manual.obj
         Debug.win32\libluacocos2d\tolua_fix.obj
         Debug.win32\libluacocos2d\lua_cocos2dx_experimental_video_manual.obj
         Debug.win32\libluacocos2d\lua_cocos2dx_ui_manual.obj
         libluacocos2d.vcxproj -> E:\loogrpg\frameworks\runtime-src\proj.win32\Debug.win32\libluacocos2d.lib
     1>Done Building Project "E:\loogrpg\frameworks\cocos2d-x\cocos\scripting\lua-bindings\proj.win32\libluacocos2d.vcxproj" (Build target(s)).

Build succeeded.

Time Elapsed 00:01:33.19
